<?xml version="1.0" encoding="UTF-8"?>
<!-- Generated by org.testng.reporters.JUnitReportReporter -->
<testsuite hostname="lin83002601" failures="0" tests="1" name="runners.SearchOutlineFeature" time="28.281" errors="0" timestamp="8 Dec 2022 11:27:16 GMT">
  <testcase classname="runners.SearchOutlineFeature" name="runCukes" time="28.281"/>
</testsuite> <!-- runners.SearchOutlineFeature -->
